{"/home/diana/frontend-project-46/comparer.js": {"path":"/home/diana/frontend-project-46/comparer.js","statementMap":{"0":{"start":{"line":4,"column":20},"end":{"line":4,"column":41}},"1":{"start":{"line":5,"column":21},"end":{"line":5,"column":43}},"2":{"start":{"line":6,"column":21},"end":{"line":6,"column":58}},"3":{"start":{"line":7,"column":17},"end":{"line":7,"column":19}},"4":{"start":{"line":8,"column":2},"end":{"line":26,"column":3}},"5":{"start":{"line":9,"column":4},"end":{"line":25,"column":5}},"6":{"start":{"line":10,"column":6},"end":{"line":21,"column":7}},"7":{"start":{"line":11,"column":8},"end":{"line":17,"column":9}},"8":{"start":{"line":12,"column":10},"end":{"line":12,"column":51}},"9":{"start":{"line":15,"column":10},"end":{"line":15,"column":51}},"10":{"start":{"line":16,"column":10},"end":{"line":16,"column":52}},"11":{"start":{"line":20,"column":8},"end":{"line":20,"column":49}},"12":{"start":{"line":23,"column":9},"end":{"line":25,"column":5}},"13":{"start":{"line":24,"column":6},"end":{"line":24,"column":48}},"14":{"start":{"line":27,"column":2},"end":{"line":27,"column":26}}},"fnMap":{"0":{"name":"compare","decl":{"start":{"line":3,"column":16},"end":{"line":3,"column":23}},"loc":{"start":{"line":3,"column":45},"end":{"line":28,"column":1}},"line":3}},"branchMap":{"0":{"loc":{"start":{"line":9,"column":4},"end":{"line":25,"column":5}},"type":"if","locations":[{"start":{"line":9,"column":4},"end":{"line":25,"column":5}},{"start":{"line":23,"column":9},"end":{"line":25,"column":5}}],"line":9},"1":{"loc":{"start":{"line":10,"column":6},"end":{"line":21,"column":7}},"type":"if","locations":[{"start":{"line":10,"column":6},"end":{"line":21,"column":7}},{"start":{"line":19,"column":11},"end":{"line":21,"column":7}}],"line":10},"2":{"loc":{"start":{"line":11,"column":8},"end":{"line":17,"column":9}},"type":"if","locations":[{"start":{"line":11,"column":8},"end":{"line":17,"column":9}},{"start":{"line":14,"column":13},"end":{"line":17,"column":9}}],"line":11},"3":{"loc":{"start":{"line":23,"column":9},"end":{"line":25,"column":5}},"type":"if","locations":[{"start":{"line":23,"column":9},"end":{"line":25,"column":5}},{"start":{},"end":{}}],"line":23}},"s":{"0":4,"1":4,"2":4,"3":4,"4":4,"5":13,"6":12,"7":6,"8":5,"9":1,"10":1,"11":6,"12":1,"13":1,"14":4},"f":{"0":4},"b":{"0":[12,1],"1":[6,6],"2":[5,1],"3":[1,0]},"_coverageSchema":"1a1c01bbd47fc00a2c39e90264f33305004495a9","hash":"d09b561f7fd3b4095bff6d00824ef097ddc50cf4"}
,"/home/diana/frontend-project-46/parser.js": {"path":"/home/diana/frontend-project-46/parser.js","statementMap":{"0":{"start":{"line":1,"column":25},"end":{"line":4,"column":1}},"1":{"start":{"line":2,"column":23},"end":{"line":2,"column":43}},"2":{"start":{"line":3,"column":2},"end":{"line":3,"column":21}}},"fnMap":{"0":{"name":"(anonymous_0)","decl":{"start":{"line":1,"column":25},"end":{"line":1,"column":26}},"loc":{"start":{"line":1,"column":39},"end":{"line":4,"column":1}},"line":1}},"branchMap":{},"s":{"0":1,"1":8,"2":8},"f":{"0":8},"b":{},"_coverageSchema":"1a1c01bbd47fc00a2c39e90264f33305004495a9","hash":"fb441eea9bd1414b8360dff5996ad111d44b7000"}
}
